2025-03-07 19:56:31,356 - update_image_paths - INFO - Starting image path update process
2025-03-07 19:56:31,358 - update_image_paths - INFO - Updated event 1 image path from '["C:\\Users\\Pranesh\\Desktop\\new-dashboard\\uploads\\default_camera_01\\default_camera_01_2025-02-21T05-08-26.890846_frame.jpg"]' to 'uploads/default_camera_01_2025-02-21T05-08-26.890846_frame.jpg"]'
2025-03-07 19:56:31,358 - update_image_paths - INFO - Updated event 2 image path from '["C:\\Users\\Pranesh\\Desktop\\new-dashboard\\uploads\\default_camera_01\\default_camera_01_2025-02-21T07-42-33.572368_frame.jpg"]' to 'uploads/default_camera_01_2025-02-21T07-42-33.572368_frame.jpg"]'
2025-03-07 19:56:31,358 - update_image_paths - INFO - Updated event 3 image path from 'D:\Kerja\Aisensum\Project\nestle_new\uploads\labeled_DSC09331.JPG' to 'uploads/labeled_DSC09331.JPG'
2025-03-07 19:56:31,358 - update_image_paths - INFO - Updated event 4 image path from 'D:\Kerja\Aisensum\Project\nestle_new\uploads\labeled_ed271a4fb6a684ed4b5fa48afa627724.jpg' to 'uploads/labeled_ed271a4fb6a684ed4b5fa48afa627724.jpg'
2025-03-07 19:56:31,358 - update_image_paths - INFO - Updated event 5 image path from 'D:\Kerja\Aisensum\Project\nestle_new\uploads\labeled_ed271a4fb6a684ed4b5fa48afa627724.jpg' to 'uploads/labeled_ed271a4fb6a684ed4b5fa48afa627724.jpg'
2025-03-07 19:56:31,358 - update_image_paths - INFO - Updated event 6 image path from 'D:\Kerja\Aisensum\Project\nestle_new\uploads\labeled_rotated_image.jpg' to 'uploads/labeled_rotated_image.jpg'
2025-03-07 19:56:31,358 - update_image_paths - INFO - Updated event 7 image path from 'D:\Kerja\Aisensum\Project\nestle_new\uploads\labeled_ed271a4fb6a684ed4b5fa48afa627724.jpg' to 'uploads/labeled_ed271a4fb6a684ed4b5fa48afa627724.jpg'
2025-03-07 19:56:31,358 - update_image_paths - INFO - Updated event 8 image path from 'D:\Kerja\Aisensum\Project\nestle_new\uploads\labeled_DSC09332.JPG' to 'uploads/labeled_DSC09332.JPG'
2025-03-07 19:56:31,359 - update_image_paths - INFO - Updated event 9 image path from 'D:\Kerja\Aisensum\Project\nestle_new\uploads\labeled_DSC09332.JPG' to 'uploads/labeled_DSC09332.JPG'
2025-03-07 19:56:31,359 - update_image_paths - INFO - Updated event 10 image path from 'D:\Kerja\Aisensum\Project\nestle_new\uploads\labeled_rotated_image.jpg' to 'uploads/labeled_rotated_image.jpg'
2025-03-07 19:56:31,359 - update_image_paths - INFO - Updated event 11 image path from 'D:\Kerja\Aisensum\Project\nestle_new\uploads\labeled_rotated_image.jpg' to 'uploads/labeled_rotated_image.jpg'
2025-03-07 19:56:31,359 - update_image_paths - INFO - Updated event 12 image path from 'D:\Kerja\Aisensum\Project\nestle_new\uploads\labeled_DSC09331.JPG' to 'uploads/labeled_DSC09331.JPG'
2025-03-07 19:56:31,359 - update_image_paths - INFO - Updated event 13 image path from 'D:\Kerja\Aisensum\Project\nestle_new\uploads\labeled_ed271a4fb6a684ed4b5fa48afa627724.jpg' to 'uploads/labeled_ed271a4fb6a684ed4b5fa48afa627724.jpg'
2025-03-07 19:56:31,359 - update_image_paths - INFO - Updated event 14 image path from 'D:\Kerja\Aisensum\Project\nestle_new\uploads\labeled_ed271a4fb6a684ed4b5fa48afa627724.jpg' to 'uploads/labeled_ed271a4fb6a684ed4b5fa48afa627724.jpg'
2025-03-07 19:56:31,359 - update_image_paths - INFO - Updated event 15 image path from 'D:\Kerja\Aisensum\Project\nestle_new\uploads\labeled_17369159205278198153421774489577_-_Syaroh_Bkl.jpg' to 'uploads/labeled_17369159205278198153421774489577_-_Syaroh_Bkl.jpg'
2025-03-07 19:56:31,359 - update_image_paths - INFO - Updated event 16 image path from 'D:\Kerja\Aisensum\Project\nestle_new\uploads\labeled_DSC09331.JPG' to 'uploads/labeled_DSC09331.JPG'
2025-03-07 19:56:31,359 - update_image_paths - INFO - Updated event 17 image path from 'D:\Kerja\Aisensum\Project\nestle_new\uploads\labeled_ed271a4fb6a684ed4b5fa48afa627724.jpg' to 'uploads/labeled_ed271a4fb6a684ed4b5fa48afa627724.jpg'
2025-03-07 19:56:31,359 - update_image_paths - INFO - Updated event 18 image path from 'labeled_DSC09331.JPG' to 'uploads/labeled_DSC09331.JPG'
2025-03-07 19:56:31,359 - update_image_paths - INFO - Updated event 19 image path from 'labeled_DSC09331.JPG' to 'uploads/labeled_DSC09331.JPG'
2025-03-07 19:56:31,359 - update_image_paths - INFO - Updated event 20 image path from 'D:\Kerja\Aisensum\Project\nestle_new\uploads\labeled_DSC09331.JPG' to 'uploads/labeled_DSC09331.JPG'
2025-03-07 19:56:31,359 - update_image_paths - INFO - Updated event 21 image path from 'D:\Kerja\Aisensum\Project\nestle_new\uploads\labeled_rotated_image.jpg' to 'uploads/labeled_rotated_image.jpg'
2025-03-07 19:56:31,359 - update_image_paths - INFO - Updated event 22 image path from 'D:\Kerja\Aisensum\Project\nestle_new\uploads\labeled_rotated_image.jpg' to 'uploads/labeled_rotated_image.jpg'
2025-03-07 19:56:31,359 - update_image_paths - INFO - Updated event 23 image path from 'D:\Kerja\Aisensum\Project\nestle_new\uploads\labeled_DSC09331.JPG' to 'uploads/labeled_DSC09331.JPG'
2025-03-07 19:56:31,359 - update_image_paths - INFO - Updated event 24 image path from 'D:\Kerja\Aisensum\Project\nestle_new\uploads\labeled_DSC09331.JPG' to 'uploads/labeled_DSC09331.JPG'
2025-03-07 19:56:31,359 - update_image_paths - INFO - Updated event 25 image path from 'D:\Kerja\Aisensum\Project\nestle_new\uploads\labeled_DSC09332.JPG' to 'uploads/labeled_DSC09332.JPG'
2025-03-07 19:56:31,359 - update_image_paths - INFO - Updated event 26 image path from 'D:\Kerja\Aisensum\Project\nestle_new\uploads\labeled_DSC09331.JPG' to 'uploads/labeled_DSC09331.JPG'
2025-03-07 19:56:31,359 - update_image_paths - INFO - Updated event 27 image path from 'D:\Kerja\Aisensum\Project\nestle_new\uploads\labeled_rotated_image.jpg' to 'uploads/labeled_rotated_image.jpg'
2025-03-07 19:56:31,359 - update_image_paths - INFO - Updated event 28 image path from 'D:\Kerja\Aisensum\Project\nestle_new\uploads\labeled_rotated_image.jpg' to 'uploads/labeled_rotated_image.jpg'
2025-03-07 19:56:31,359 - update_image_paths - INFO - Updated event 29 image path from 'D:\Kerja\Aisensum\Project\nestle_new\uploads\labeled_rotated_image.jpg' to 'uploads/labeled_rotated_image.jpg'
2025-03-07 19:56:31,359 - update_image_paths - INFO - Updated event 30 image path from 'D:\Kerja\Aisensum\Project\nestle_new\uploads\labeled_rotated_image.jpg' to 'uploads/labeled_rotated_image.jpg'
2025-03-07 19:56:31,359 - update_image_paths - INFO - Updated event 31 image path from 'D:\Kerja\Aisensum\Project\nestle_new\uploads\labeled_20250117_091706_-_Tazbya_Yuli.jpg' to 'uploads/labeled_20250117_091706_-_Tazbya_Yuli.jpg'
2025-03-07 19:56:31,359 - update_image_paths - INFO - Updated event 32 image path from 'D:\Kerja\Aisensum\Project\nestle_new\uploads\labeled_rotated_image.jpg' to 'uploads/labeled_rotated_image.jpg'
2025-03-07 19:56:31,360 - update_image_paths - INFO - Updated event 33 image path from 'D:\Kerja\Aisensum\Project\nestle_new\uploads\labeled_20250117_091706_-_Tazbya_Yuli.jpg' to 'uploads/labeled_20250117_091706_-_Tazbya_Yuli.jpg'
2025-03-07 19:56:31,360 - update_image_paths - INFO - Updated event 34 image path from 'D:\Kerja\Aisensum\Project\nestle_new\uploads\labeled_rotated_image.jpg' to 'uploads/labeled_rotated_image.jpg'
2025-03-07 19:56:31,360 - update_image_paths - INFO - Updated event 35 image path from 'D:\Kerja\Aisensum\Project\nestle_new\uploads\labeled_rotated_image.jpg' to 'uploads/labeled_rotated_image.jpg'
2025-03-07 19:56:31,360 - update_image_paths - INFO - Updated event 36 image path from 'D:\Kerja\Aisensum\Project\nestle_new\uploads\labeled_WhatsApp_Image_2025-02-22_at_11.42.52.jpeg' to 'uploads/labeled_WhatsApp_Image_2025-02-22_at_11.42.52.jpeg'
2025-03-07 19:56:31,360 - update_image_paths - INFO - Updated event 37 image path from 'D:\Kerja\Aisensum\Project\nestle_code_fixed\uploads\labeled_159_17369383250738483886576090394775_-_Gung_Toet.jpg' to 'uploads/labeled_159_17369383250738483886576090394775_-_Gung_Toet.jpg'
2025-03-07 19:56:31,360 - update_image_paths - INFO - Updated event 38 image path from 'D:\Kerja\Aisensum\Project\nestle_code_fixed\uploads\labeled_20250115_123141_-_Ibnu_Yasal0.jpg' to 'uploads/labeled_20250115_123141_-_Ibnu_Yasal0.jpg'
2025-03-07 19:56:31,360 - update_image_paths - INFO - Updated event 39 image path from 'D:\Kerja\Aisensum\Project\nestle_code_fixed\uploads\labeled_128_17369253348301396478322621978987_-_Yudin_Mahmud.jpg' to 'uploads/labeled_128_17369253348301396478322621978987_-_Yudin_Mahmud.jpg'
2025-03-07 19:56:31,360 - update_image_paths - INFO - Updated event 40 image path from 'D:\Kerja\Aisensum\Project\nestle_code_fixed\uploads\labeled_128_17369253348301396478322621978987_-_Yudin_Mahmud.jpg' to 'uploads/labeled_128_17369253348301396478322621978987_-_Yudin_Mahmud.jpg'
2025-03-07 19:56:31,360 - update_image_paths - INFO - Updated event 41 image path from 'D:\Kerja\Aisensum\Project\nestle_code_fixed\uploads\labeled_159_17369383250738483886576090394775_-_Gung_Toet.jpg' to 'uploads/labeled_159_17369383250738483886576090394775_-_Gung_Toet.jpg'
2025-03-07 19:56:31,360 - update_image_paths - INFO - Updated event 42 image path from 'D:\Kerja\Aisensum\Project\nestle_code_fixed\uploads\labeled_20250115_123141_-_Ibnu_Yasal0.jpg' to 'uploads/labeled_20250115_123141_-_Ibnu_Yasal0.jpg'
2025-03-07 19:56:31,360 - update_image_paths - INFO - Updated event 43 image path from 'D:\Kerja\Aisensum\Project\nestle_code_fixed\uploads\labeled_159_17369383250738483886576090394775_-_Gung_Toet.jpg' to 'uploads/labeled_159_17369383250738483886576090394775_-_Gung_Toet.jpg'
2025-03-07 19:56:31,360 - update_image_paths - INFO - Updated event 44 image path from 'D:\Kerja\Aisensum\Project\nestle_code_fixed\uploads\labeled_159_17369383250738483886576090394775_-_Gung_Toet.jpg' to 'uploads/labeled_159_17369383250738483886576090394775_-_Gung_Toet.jpg'
2025-03-07 19:56:31,360 - update_image_paths - INFO - Updated event 45 image path from 'D:\Kerja\Aisensum\Project\nestle_code_fixed\uploads\labeled_159_17369383250738483886576090394775_-_Gung_Toet.jpg' to 'uploads/labeled_159_17369383250738483886576090394775_-_Gung_Toet.jpg'
2025-03-07 19:56:31,360 - update_image_paths - INFO - Updated event 46 image path from 'D:\Kerja\Aisensum\Project\nestle_code_fixed\uploads\labeled_4ead3176-58d2-4678-8093-be87efa22f23_-_Putriani_ani.ani921.jpeg' to 'uploads/labeled_4ead3176-58d2-4678-8093-be87efa22f23_-_Putriani_ani.ani921.jpeg'
2025-03-07 19:56:31,360 - update_image_paths - INFO - Updated event 47 image path from 'D:\Kerja\Aisensum\Project\nestle_code_fixed\uploads\labeled_128_17369253348301396478322621978987_-_Yudin_Mahmud.jpg' to 'uploads/labeled_128_17369253348301396478322621978987_-_Yudin_Mahmud.jpg'
2025-03-07 19:56:31,360 - update_image_paths - INFO - Updated event 48 image path from 'D:\Kerja\Aisensum\Project\nestle_code_fixed\uploads\labeled_159_17369383250738483886576090394775_-_Gung_Toet.jpg' to 'uploads/labeled_159_17369383250738483886576090394775_-_Gung_Toet.jpg'
2025-03-07 19:56:31,360 - update_image_paths - INFO - Updated event 49 image path from 'D:\Kerja\Aisensum\Project\nestle_code_fixed\uploads\labeled_159_17369383250738483886576090394775_-_Gung_Toet.jpg' to 'uploads/labeled_159_17369383250738483886576090394775_-_Gung_Toet.jpg'
2025-03-07 19:56:31,360 - update_image_paths - INFO - Updated event 50 image path from 'D:\Kerja\Aisensum\Project\nestle_code_fixed\uploads\labeled_159_17369383250738483886576090394775_-_Gung_Toet.jpg' to 'uploads/labeled_159_17369383250738483886576090394775_-_Gung_Toet.jpg'
2025-03-07 19:56:31,360 - update_image_paths - INFO - Updated event 51 image path from 'D:\Kerja\Aisensum\Project\nestle_code_fixed\uploads\labeled_159_17369383250738483886576090394775_-_Gung_Toet.jpg' to 'uploads/labeled_159_17369383250738483886576090394775_-_Gung_Toet.jpg'
2025-03-07 19:56:31,360 - update_image_paths - INFO - Updated event 52 image path from 'D:\Kerja\Aisensum\Project\nestle_code_fixed\uploads\labeled_159_17369383250738483886576090394775_-_Gung_Toet.jpg' to 'uploads/labeled_159_17369383250738483886576090394775_-_Gung_Toet.jpg'
2025-03-07 19:56:31,360 - update_image_paths - INFO - Updated event 53 image path from 'D:\Kerja\Aisensum\Project\nestle_code_fixed\uploads\labeled_20250115_123141_-_Ibnu_Yasal0.jpg' to 'uploads/labeled_20250115_123141_-_Ibnu_Yasal0.jpg'
2025-03-07 19:56:31,360 - update_image_paths - INFO - Updated event 54 image path from 'D:\Kerja\Aisensum\Project\nestle_code_fixed\uploads\labeled_159_17369383250738483886576090394775_-_Gung_Toet.jpg' to 'uploads/labeled_159_17369383250738483886576090394775_-_Gung_Toet.jpg'
2025-03-07 19:56:31,360 - update_image_paths - INFO - Updated event 55 image path from 'D:\Kerja\Aisensum\Project\nestle_code_fixed\uploads\labeled_20250115_123141_-_Ibnu_Yasal0.jpg' to 'uploads/labeled_20250115_123141_-_Ibnu_Yasal0.jpg'
2025-03-07 19:56:31,360 - update_image_paths - INFO - Updated event 56 image path from 'D:\Kerja\Aisensum\Project\nestle_code_fixed\uploads\labeled_20250115_123141_-_Ibnu_Yasal0.jpg' to 'uploads/labeled_20250115_123141_-_Ibnu_Yasal0.jpg'
2025-03-07 19:56:31,360 - update_image_paths - INFO - Updated event 57 image path from 'D:\Kerja\Aisensum\Project\nestle_code_fixed\uploads\labeled_20250115_123141_-_Ibnu_Yasal0.jpg' to 'uploads/labeled_20250115_123141_-_Ibnu_Yasal0.jpg'
2025-03-07 19:56:31,360 - update_image_paths - INFO - Updated event 58 image path from 'D:\Kerja\Aisensum\Project\nestle_code_fixed\uploads\labeled_159_17369383250738483886576090394775_-_Gung_Toet.jpg' to 'uploads/labeled_159_17369383250738483886576090394775_-_Gung_Toet.jpg'
2025-03-07 19:56:31,360 - update_image_paths - INFO - Updated event 59 image path from 'D:\Kerja\Aisensum\Project\nestle_code_fixed\uploads\labeled_159_17369383250738483886576090394775_-_Gung_Toet.jpg' to 'uploads/labeled_159_17369383250738483886576090394775_-_Gung_Toet.jpg'
2025-03-07 19:56:31,360 - update_image_paths - INFO - Updated event 60 image path from 'D:\Kerja\Aisensum\Project\nestle_code_fixed\uploads\labeled_159_17369383250738483886576090394775_-_Gung_Toet.jpg' to 'uploads/labeled_159_17369383250738483886576090394775_-_Gung_Toet.jpg'
2025-03-07 19:56:31,360 - update_image_paths - INFO - Updated event 61 image path from 'D:\Kerja\Aisensum\Project\nestle_code_fixed\uploads\labeled_159_17369383250738483886576090394775_-_Gung_Toet.jpg' to 'uploads/labeled_159_17369383250738483886576090394775_-_Gung_Toet.jpg'
2025-03-07 19:56:31,360 - update_image_paths - INFO - Updated event 62 image path from 'D:\Kerja\Aisensum\Project\nestle_code_fixed\uploads\labeled_126_17369251591166807095723562252905_-_Wakap_Aditya.jpg' to 'uploads/labeled_126_17369251591166807095723562252905_-_Wakap_Aditya.jpg'
2025-03-07 19:56:31,360 - update_image_paths - INFO - Updated event 63 image path from 'D:\Kerja\Aisensum\Project\nestle_code_fixed\uploads\labeled_20250115_111728_-_M_Muhlis.jpg' to 'uploads/labeled_20250115_111728_-_M_Muhlis.jpg'
2025-03-07 19:56:31,360 - update_image_paths - INFO - Updated event 64 image path from 'D:\Kerja\Aisensum\Project\nestle_code_fixed\uploads\labeled_20250115_123141_-_Ibnu_Yasal0.jpg' to 'uploads/labeled_20250115_123141_-_Ibnu_Yasal0.jpg'
2025-03-07 19:56:31,360 - update_image_paths - INFO - Updated event 65 image path from 'D:\Kerja\Aisensum\Project\nestle_code_fixed\uploads\labeled_20250115_123141_-_Ibnu_Yasal0.jpg' to 'uploads/labeled_20250115_123141_-_Ibnu_Yasal0.jpg'
2025-03-07 19:56:31,360 - update_image_paths - INFO - Updated event 66 image path from 'D:\Kerja\Aisensum\Project\nestle_code_fixed\uploads\labeled_20250115_123141_-_Ibnu_Yasal0.jpg' to 'uploads/labeled_20250115_123141_-_Ibnu_Yasal0.jpg'
2025-03-07 19:56:31,360 - update_image_paths - INFO - Updated event 67 image path from 'D:\Kerja\Aisensum\Project\nestle_code_fixed\uploads\labeled_20250115_123141_-_Ibnu_Yasal0.jpg' to 'uploads/labeled_20250115_123141_-_Ibnu_Yasal0.jpg'
2025-03-07 19:56:31,360 - update_image_paths - INFO - Updated event 68 image path from 'D:\Kerja\Aisensum\Project\nestle_code_fixed\uploads\labeled_159_17369383250738483886576090394775_-_Gung_Toet.jpg' to 'uploads/labeled_159_17369383250738483886576090394775_-_Gung_Toet.jpg'
2025-03-07 19:56:31,360 - update_image_paths - INFO - Updated event 69 image path from 'D:\Kerja\Aisensum\Project\nestle_code_fixed\uploads\labeled_20250115_123141_-_Ibnu_Yasal0.jpg' to 'uploads/labeled_20250115_123141_-_Ibnu_Yasal0.jpg'
2025-03-07 19:56:31,360 - update_image_paths - INFO - Updated event 70 image path from 'D:\Kerja\Aisensum\Project\nestle_code_fixed\uploads\labeled_159_17369383250738483886576090394775_-_Gung_Toet.jpg' to 'uploads/labeled_159_17369383250738483886576090394775_-_Gung_Toet.jpg'
2025-03-07 19:56:31,360 - update_image_paths - INFO - Updated event 71 image path from 'D:\Kerja\Aisensum\Project\nestle_code_fixed\uploads\labeled_159_17369383250738483886576090394775_-_Gung_Toet.jpg' to 'uploads/labeled_159_17369383250738483886576090394775_-_Gung_Toet.jpg'
2025-03-07 19:56:31,360 - update_image_paths - INFO - Updated event 72 image path from 'D:\Kerja\Aisensum\Project\nestle_code_fixed\uploads\labeled_128_17369253348301396478322621978987_-_Yudin_Mahmud.jpg' to 'uploads/labeled_128_17369253348301396478322621978987_-_Yudin_Mahmud.jpg'
2025-03-07 19:56:31,360 - update_image_paths - INFO - Updated event 73 image path from 'D:\Kerja\Aisensum\Project\nestle_code_fixed\uploads\labeled_20250115_123141_-_Ibnu_Yasal0.jpg' to 'uploads/labeled_20250115_123141_-_Ibnu_Yasal0.jpg'
2025-03-07 19:56:31,360 - update_image_paths - INFO - Updated event 74 image path from 'D:\Kerja\Aisensum\Project\nestle_code_fixed\uploads\labeled_20250115_123141_-_Ibnu_Yasal0.jpg' to 'uploads/labeled_20250115_123141_-_Ibnu_Yasal0.jpg'
2025-03-07 19:56:31,360 - update_image_paths - INFO - Updated event 75 image path from 'D:\Kerja\Aisensum\Project\nestle_code_fixed\uploads\labeled_159_17369383250738483886576090394775_-_Gung_Toet.jpg' to 'uploads/labeled_159_17369383250738483886576090394775_-_Gung_Toet.jpg'
2025-03-07 19:56:31,360 - update_image_paths - INFO - Updated event 76 image path from 'D:\Kerja\Aisensum\Project\nestle_code_fixed\uploads\labeled_20250115_123141_-_Ibnu_Yasal0.jpg' to 'uploads/labeled_20250115_123141_-_Ibnu_Yasal0.jpg'
2025-03-07 19:56:31,360 - update_image_paths - INFO - Updated event 77 image path from 'D:\Kerja\Aisensum\Project\nestle_code_fixed\uploads\labeled_159_17369383250738483886576090394775_-_Gung_Toet.jpg' to 'uploads/labeled_159_17369383250738483886576090394775_-_Gung_Toet.jpg'
2025-03-07 19:56:31,360 - update_image_paths - INFO - Updated event 78 image path from 'D:\Kerja\Aisensum\Project\nestle_code_fixed\uploads\labeled_20250115_122726_-_Ibnu_Yasal0.jpg' to 'uploads/labeled_20250115_122726_-_Ibnu_Yasal0.jpg'
2025-03-07 19:56:31,360 - update_image_paths - INFO - Updated event 79 image path from 'D:\Kerja\Aisensum\Project\nestle_code_fixed\uploads\labeled_20250115_133039_-_Suciii_Rahim.jpg' to 'uploads/labeled_20250115_133039_-_Suciii_Rahim.jpg'
2025-03-07 19:56:31,360 - update_image_paths - INFO - Updated event 80 image path from 'D:\Kerja\Aisensum\Project\nestle_code_fixed\uploads\labeled_17369153617263245523802313325545_-_yuni_kedati.jpg' to 'uploads/labeled_17369153617263245523802313325545_-_yuni_kedati.jpg'
2025-03-07 19:56:31,360 - update_image_paths - INFO - Updated event 81 image path from 'D:\Kerja\Aisensum\Project\nestle_code_fixed\uploads\labeled_20250115_123141_-_Ibnu_Yasal0.jpg' to 'uploads/labeled_20250115_123141_-_Ibnu_Yasal0.jpg'
2025-03-07 19:56:31,360 - update_image_paths - INFO - Updated event 82 image path from 'D:\Kerja\Aisensum\Project\nestle_code_fixed\uploads\labeled_20250115_123141_-_Ibnu_Yasal0.jpg' to 'uploads/labeled_20250115_123141_-_Ibnu_Yasal0.jpg'
2025-03-07 19:56:31,361 - update_image_paths - INFO - Updated event 83 image path from 'D:\Kerja\Aisensum\Project\nestle_code_fixed\uploads\labeled_159_17369383250738483886576090394775_-_Gung_Toet.jpg' to 'uploads/labeled_159_17369383250738483886576090394775_-_Gung_Toet.jpg'
2025-03-07 19:56:31,361 - update_image_paths - INFO - Updated event 84 image path from 'D:\Kerja\Aisensum\Project\nestle_code_fixed\uploads\labeled_20250115_123141_-_Ibnu_Yasal0.jpg' to 'uploads/labeled_20250115_123141_-_Ibnu_Yasal0.jpg'
2025-03-07 19:56:31,361 - update_image_paths - INFO - Updated event 85 image path from 'D:\Kerja\Aisensum\Project\nestle_code_fixed\uploads\labeled_20250115_123141_-_Ibnu_Yasal0.jpg' to 'uploads/labeled_20250115_123141_-_Ibnu_Yasal0.jpg'
2025-03-07 19:56:31,361 - update_image_paths - INFO - Updated event 86 image path from 'D:\Kerja\Aisensum\Project\nestle_code_fixed\uploads\labeled_20250115_123141_-_Ibnu_Yasal0.jpg' to 'uploads/labeled_20250115_123141_-_Ibnu_Yasal0.jpg'
2025-03-07 19:56:31,361 - update_image_paths - INFO - Updated event 87 image path from 'D:\Kerja\Aisensum\Project\nestle_code_fixed\uploads\labeled_20250115_123141_-_Ibnu_Yasal0.jpg' to 'uploads/labeled_20250115_123141_-_Ibnu_Yasal0.jpg'
2025-03-07 19:56:31,361 - update_image_paths - INFO - Updated event 88 image path from 'D:\Kerja\Aisensum\Project\nestle_code_fixed\uploads\labeled_20250115_123141_-_Ibnu_Yasal0.jpg' to 'uploads/labeled_20250115_123141_-_Ibnu_Yasal0.jpg'
2025-03-07 19:56:31,361 - update_image_paths - INFO - Updated event 89 image path from 'D:\Kerja\Aisensum\Project\nestle_code_fixed\uploads\labeled_20250115_123141_-_Ibnu_Yasal0.jpg' to 'uploads/labeled_20250115_123141_-_Ibnu_Yasal0.jpg'
2025-03-07 19:56:31,361 - update_image_paths - INFO - Updated event 90 image path from 'D:\Kerja\Aisensum\Project\nestle_code_fixed\uploads\labeled_20250115_123141_-_Ibnu_Yasal0.jpg' to 'uploads/labeled_20250115_123141_-_Ibnu_Yasal0.jpg'
2025-03-07 19:56:31,361 - update_image_paths - INFO - Updated event 91 image path from 'D:\Kerja\Aisensum\Project\nestle_code_fixed\uploads\labeled_20250115_123141_-_Ibnu_Yasal0.jpg' to 'uploads/labeled_20250115_123141_-_Ibnu_Yasal0.jpg'
2025-03-07 19:56:31,361 - update_image_paths - INFO - Updated event 92 image path from 'D:\Kerja\Aisensum\Project\nestle_code_fixed\uploads\labeled_159_17369383250738483886576090394775_-_Gung_Toet.jpg' to 'uploads/labeled_159_17369383250738483886576090394775_-_Gung_Toet.jpg'
2025-03-07 19:56:31,361 - update_image_paths - INFO - Updated event 93 image path from 'D:\Kerja\Aisensum\Project\nestle_code_fixed\uploads\labeled_159_17369383250738483886576090394775_-_Gung_Toet.jpg' to 'uploads/labeled_159_17369383250738483886576090394775_-_Gung_Toet.jpg'
2025-03-07 19:56:31,361 - update_image_paths - INFO - Updated event 94 image path from 'D:\Kerja\Aisensum\Project\nestle_code_fixed\uploads\labeled_20250115_123141_-_Ibnu_Yasal0.jpg' to 'uploads/labeled_20250115_123141_-_Ibnu_Yasal0.jpg'
2025-03-07 19:56:31,361 - update_image_paths - INFO - Updated event 96 image path from 'D:\Kerja\Aisensum\Project\nestle_code_fixed\uploads\labeled_20250115_123141_-_Ibnu_Yasal0.jpg' to 'uploads/labeled_20250115_123141_-_Ibnu_Yasal0.jpg'
2025-03-07 19:56:31,361 - update_image_paths - INFO - Updated event 97 image path from 'D:\Kerja\Aisensum\Project\nestle_code_fixed\uploads\labeled_20250115_123141_-_Ibnu_Yasal0.jpg' to 'uploads/labeled_20250115_123141_-_Ibnu_Yasal0.jpg'
2025-03-07 19:56:31,464 - update_image_paths - INFO - Updated 96 records out of 97 total
2025-03-07 19:56:31,464 - update_image_paths - INFO - Image path update completed successfully
